This is pdfTeX, Version 3.1415926-2.4-1.40.13 (TeX Live 2012/W32TeX) (format=pdflatex 2012.10.29)  29 APR 2016 18:34
entering extended mode
 restricted \write18 enabled.
 %&-line parsing enabled.
**AG2.tex
(./AG2.tex
LaTeX2e <2011/06/27>
Babel <v3.8m> and hyphenation patterns for english, dumylang, nohyphenation, ge
rman-x-2012-05-30, ngerman-x-2012-05-30, afrikaans, ancientgreek, ibycus, arabi
c, armenian, basque, bulgarian, catalan, pinyin, coptic, croatian, czech, danis
h, dutch, ukenglish, usenglishmax, esperanto, estonian, ethiopic, farsi, finnis
h, french, friulan, galician, german, ngerman, swissgerman, monogreek, greek, h
ungarian, icelandic, assamese, bengali, gujarati, hindi, kannada, malayalam, ma
rathi, oriya, panjabi, tamil, telugu, indonesian, interlingua, irish, italian, 
kurmanji, latin, latvian, lithuanian, mongolian, mongolianlmc, bokmal, nynorsk,
 polish, portuguese, romanian, romansh, russian, sanskrit, serbian, serbianc, s
lovak, slovenian, spanish, swedish, turkish, turkmen, ukrainian, uppersorbian, 
welsh, loaded.
(c:/Program Files/texlive2012/texmf-dist/tex/latex/amscls/amsart.cls
Document Class: amsart 2009/07/02 v2.20.1
\linespacing=\dimen102
\normalparindent=\dimen103
\normaltopskip=\skip41
(c:/Program Files/texlive2012/texmf-dist/tex/latex/amsmath/amsmath.sty
Package: amsmath 2000/07/18 v2.13 AMS math features
\@mathmargin=\skip42

For additional information on amsmath, use the `?' option.
(c:/Program Files/texlive2012/texmf-dist/tex/latex/amsmath/amstext.sty
Package: amstext 2000/06/29 v2.01

(c:/Program Files/texlive2012/texmf-dist/tex/latex/amsmath/amsgen.sty
File: amsgen.sty 1999/11/30 v2.0
\@emptytoks=\toks14
\ex@=\dimen104
))
(c:/Program Files/texlive2012/texmf-dist/tex/latex/amsmath/amsbsy.sty
Package: amsbsy 1999/11/29 v1.2d
\pmbraise@=\dimen105
)
(c:/Program Files/texlive2012/texmf-dist/tex/latex/amsmath/amsopn.sty
Package: amsopn 1999/12/14 v2.01 operator names
)
\inf@bad=\count79
LaTeX Info: Redefining \frac on input line 211.
\uproot@=\count80
\leftroot@=\count81
LaTeX Info: Redefining \overline on input line 307.
\classnum@=\count82
\DOTSCASE@=\count83
LaTeX Info: Redefining \ldots on input line 379.
LaTeX Info: Redefining \dots on input line 382.
LaTeX Info: Redefining \cdots on input line 467.
\Mathstrutbox@=\box26
\strutbox@=\box27
\big@size=\dimen106
LaTeX Font Info:    Redeclaring font encoding OML on input line 567.
LaTeX Font Info:    Redeclaring font encoding OMS on input line 568.
\macc@depth=\count84
\c@MaxMatrixCols=\count85
\dotsspace@=\muskip10
\c@parentequation=\count86
\dspbrk@lvl=\count87
\tag@help=\toks15
\row@=\count88
\column@=\count89
\maxfields@=\count90
\andhelp@=\toks16
\eqnshift@=\dimen107
\alignsep@=\dimen108
\tagshift@=\dimen109
\tagwidth@=\dimen110
\totwidth@=\dimen111
\lineht@=\dimen112
\@envbody=\toks17
\multlinegap=\skip43
\multlinetaggap=\skip44
\mathdisplay@stack=\toks18
LaTeX Info: Redefining \[ on input line 2666.
LaTeX Info: Redefining \] on input line 2667.
)
LaTeX Font Info:    Try loading font information for U+msa on input line 388.

(c:/Program Files/texlive2012/texmf-dist/tex/latex/amsfonts/umsa.fd
File: umsa.fd 2009/06/22 v3.00 AMS symbols A
)
(c:/Program Files/texlive2012/texmf-dist/tex/latex/amsfonts/amsfonts.sty
Package: amsfonts 2009/06/22 v3.00 Basic AMSFonts support
\symAMSa=\mathgroup4
\symAMSb=\mathgroup5
LaTeX Font Info:    Overwriting math alphabet `\mathfrak' in version `bold'
(Font)                  U/euf/m/n --> U/euf/b/n on input line 96.
)
\copyins=\insert233
\abstractbox=\box28
\listisep=\skip45
\c@part=\count91
\c@section=\count92
\c@subsection=\count93
\c@subsubsection=\count94
\c@paragraph=\count95
\c@subparagraph=\count96
\c@figure=\count97
\c@table=\count98
\abovecaptionskip=\skip46
\belowcaptionskip=\skip47
\captionindent=\dimen113
\thm@style=\toks19
\thm@bodyfont=\toks20
\thm@headfont=\toks21
\thm@notefont=\toks22
\thm@headpunct=\toks23
\thm@preskip=\skip48
\thm@postskip=\skip49
\thm@headsep=\skip50
\dth@everypar=\toks24
)
(c:/Program Files/texlive2012/texmf-dist/tex/latex/amsmath/amscd.sty
Package: amscd 1999/11/29 v1.2d
\athelp@=\toks25
\minaw@=\dimen114
\bigaw@=\dimen115
\minCDarrowwidth=\dimen116
)
(c:/Program Files/texlive2012/texmf-dist/tex/latex/amsfonts/amssymb.sty
Package: amssymb 2009/06/22 v3.00
)
(c:/Program Files/texlive2012/texmf-dist/tex/generic/xypic/xypic.sty
(c:/Program Files/texlive2012/texmf-dist/tex/generic/xypic/xy.sty
(c:/Program Files/texlive2012/texmf-dist/tex/generic/xypic/xy.tex
Bootstrap'ing: catcodes, docmode,
(c:/Program Files/texlive2012/texmf-dist/tex/generic/xypic/xyrecat.tex)
(c:/Program Files/texlive2012/texmf-dist/tex/generic/xypic/xyidioms.tex)

 Xy-pic version 3.8.8 <2012/05/24>
 Copyright (c) 1991-2011 by Kristoffer H. Rose <krisrose@tug.org>
 Xy-pic is free software: see the User's Guide for details.

Loading kernel: messages; fonts; allocations: state,
\X@c=\dimen117
\Y@c=\dimen118
\U@c=\dimen119
\D@c=\dimen120
\L@c=\dimen121
\R@c=\dimen122
\Edge@c=\toks26
\X@p=\dimen123
\Y@p=\dimen124
\U@p=\dimen125
\D@p=\dimen126
\L@p=\dimen127
\R@p=\dimen128
\Edge@p=\toks27
\X@origin=\dimen129
\Y@origin=\dimen130
\X@xbase=\dimen131
\Y@xbase=\dimen132
\X@ybase=\dimen133
\Y@ybase=\dimen134
\X@min=\dimen135
\Y@min=\dimen136
\X@max=\dimen137
\Y@max=\dimen138
\lastobjectbox@=\box29
\zerodotbox@=\box30
\almostz@=\dimen139
 direction,
\d@X=\dimen140
\d@Y=\dimen141
\K@=\count99
\KK@=\count100
\Direction=\count101
\K@dXdY=\dimen142
\K@dYdX=\dimen143
\xyread@=\read1
\xywrite@=\write3
\csp@=\count102
\quotPTK@=\dimen144

utility macros; pictures: \xy, positions,
\swaptoks@@=\toks28
\connectobjectbox@@=\box31
 objects,
\styletoks@=\toks29
 decorations;
kernel objects: directionals, circles, text; options; algorithms: directions,
edges, connections;  Xy-pic loaded)
(c:/Program Files/texlive2012/texmf-dist/tex/generic/oberdiek/ifpdf.sty
Package: ifpdf 2011/01/30 v2.3 Provides the ifpdf switch (HO)
Package ifpdf Info: pdfTeX in PDF mode is detected.
)

LaTeX Warning: You have requested package `xypic',
               but the package provides `xy'.

Package: xy 2012/05/24 Xy-pic version 3.8.8
(c:/Program Files/texlive2012/texmf-dist/tex/generic/xypic/xyall.tex
 Xy-pic option: All features v.3.8
(c:/Program Files/texlive2012/texmf-dist/tex/generic/xypic/xycurve.tex
 Xy-pic option: Curve and Spline extension v.3.12 curve,
\crv@cnt@=\count103
\crvpts@=\toks30
\splinebox@=\box32
\splineval@=\dimen145
\splinedepth@=\dimen146
\splinetol@=\dimen147
\splinelength@=\dimen148
 circles,
\L@=\dimen149
 loaded)
(c:/Program Files/texlive2012/texmf-dist/tex/generic/xypic/xyframe.tex
 Xy-pic option: Frame and Bracket extension v.3.14 loaded)
(c:/Program Files/texlive2012/texmf-dist/tex/generic/xypic/xycmtip.tex
 Xy-pic option: Computer Modern tip extension v.3.7
(c:/Program Files/texlive2012/texmf-dist/tex/generic/xypic/xytips.tex
 Xy-pic option: More Tips extension v.3.9 loaded) loaded)
(c:/Program Files/texlive2012/texmf-dist/tex/generic/xypic/xyline.tex
 Xy-pic option: Line styles extension v.3.10
\xylinethick@=\dimen150
 loaded)
(c:/Program Files/texlive2012/texmf-dist/tex/generic/xypic/xyrotate.tex
 Xy-pic option: Rotate and Scale extension v.3.8 loaded)
(c:/Program Files/texlive2012/texmf-dist/tex/generic/xypic/xycolor.tex
 Xy-pic option: Colour extension v.3.11 loaded)
(c:/Program Files/texlive2012/texmf-dist/tex/generic/xypic/xymatrix.tex
 Xy-pic option: Matrix feature v.3.14
\Row=\count104
\Col=\count105
\queue@=\toks31
\queue@@=\toks32
\qcount@=\count106
\qcount@@=\count107
\matrixsize@=\count108
 loaded)
(c:/Program Files/texlive2012/texmf-dist/tex/generic/xypic/xyarrow.tex
 Xy-pic option: Arrow and Path feature v.3.9 path, \ar, loaded)
(c:/Program Files/texlive2012/texmf-dist/tex/generic/xypic/xygraph.tex
 Xy-pic option: Graph feature v.3.11 loaded) loaded)
(c:/Program Files/texlive2012/texmf-dist/tex/generic/xypic/xypdf.tex
 Xy-pic option: PDF driver v.1.7 Xy-pic pdf driver: `color' extension support
(c:/Program Files/texlive2012/texmf-dist/tex/generic/xypic/xypdf-co.tex loaded)
Xy-pic pdf driver: `curve' extension support
(c:/Program Files/texlive2012/texmf-dist/tex/generic/xypic/xypdf-cu.tex loaded)
Xy-pic pdf driver: `frame' extension support
(c:/Program Files/texlive2012/texmf-dist/tex/generic/xypic/xypdf-fr.tex loaded)
Xy-pic pdf driver: `line' extension support
(c:/Program Files/texlive2012/texmf-dist/tex/generic/xypic/xypdf-li.tex loaded)
Xy-pic pdf driver: `rotate' extension support
(c:/Program Files/texlive2012/texmf-dist/tex/generic/xypic/xypdf-ro.tex loaded)
loaded)) (c:/Program Files/texlive2012/texmf-dist/tex/generic/xypic/xyv2.tex
 Xy-pic option: Version 2 Compatibility v.3.8

Xy-pic Warning: `\stop' redefined.

loaded))
(c:/Program Files/texlive2012/texmf-dist/tex/latex/pstricks/pstricks.sty
Package: pstricks 2012/08/24 v0.53 LaTeX wrapper for `PSTricks' (RN,HV)

(c:/Program Files/texlive2012/texmf-dist/tex/generic/pstricks/pstricks.tex
(c:/Program Files/texlive2012/texmf-dist/tex/generic/xkeyval/pst-xkey.tex
File: pst-xkey.tex 2005/11/25 v1.6 PSTricks specialization of xkeyval (HA)

(c:/Program Files/texlive2012/texmf-dist/tex/latex/xkeyval/xkeyval.sty
Package: xkeyval 2012/10/14 v2.6b package option processing (HA)

(c:/Program Files/texlive2012/texmf-dist/tex/generic/xkeyval/xkeyval.tex
\XKV@toks=\toks33
\XKV@tempa@toks=\toks34
\XKV@depth=\count109
File: xkeyval.tex 2012/10/14 v2.6b key=value parser (HA)

(c:/Program Files/texlive2012/texmf-dist/tex/generic/xkeyval/keyval.tex))))
(c:/Program Files/texlive2012/texmf-dist/tex/generic/pstricks/pst-fp.tex
`pst-fp' v0.05, 2010/01/17 (hv)
\pstFP@xs=\count110
\pstFP@xia=\count111
\pstFP@xib=\count112
\pstFP@xfa=\count113
\pstFP@xfb=\count114
\pstFP@rega=\count115
\pstFP@regb=\count116
\pstFP@regs=\count117
\pstFP@times=\count118
)
\psLoopIndex=\count119

`PSTricks' v2.33  <2012/09/23> (tvz)
\pst@dima=\dimen151
\pst@dimb=\dimen152
\pst@dimc=\dimen153
\pst@dimd=\dimen154
\pst@dimg=\dimen155
\pst@dimh=\dimen156
\pst@dimm=\dimen157
\pst@dimn=\dimen158
\pst@dimo=\dimen159
\pst@dimp=\dimen160
\pst@hbox=\box33
\pst@ibox=\box34
\pst@boxg=\box35
\pst@cnta=\count120
\pst@cntb=\count121
\pst@cntc=\count122
\pst@cntd=\count123
\pst@cntg=\count124
\pst@cnth=\count125
\pst@cntm=\count126
\pst@cntn=\count127
\pst@cnto=\count128
\pst@cntp=\count129
\@zero=\count130
\pst@toks=\toks35
(c:/Program Files/texlive2012/texmf-dist/tex/generic/pstricks/pstricks.con)
\psunit=\dimen161
\psxunit=\dimen162
\psyunit=\dimen163
\pst@C@@rType=\count131
\pslinewidth=\dimen164
\psk@startLW=\dimen165
\psk@endLW=\dimen166
\pst@customdefs=\toks36
\pslinearc=\dimen167
\pst@symbolStep=\dimen168
\pst@symbolWidth=\dimen169
\pst@symbolLinewidth=\dimen170
\everypsbox=\toks37
\psframesep=\dimen171
\pslabelsep=\dimen172
\pst@shift=\dimen173
\theoverlaybox=\box36
)
File: pstricks.tex 2012/09/23 v2.33 `PSTricks' (tvz,hv)

(c:/Program Files/texlive2012/texmf-dist/tex/generic/pstricks/pst-fp.tex)
File: pst-fp.tex 2012/09/23 v2.33 `PST-fp' (hv)

(c:/Program Files/texlive2012/texmf-dist/tex/latex/xcolor/xcolor.sty
Package: xcolor 2007/01/21 v2.11 LaTeX color extensions (UK)

(c:/Program Files/texlive2012/texmf-dist/tex/latex/latexconfig/color.cfg
File: color.cfg 2007/01/18 v1.5 color configuration of teTeX/TeXLive
)
Package xcolor Info: Driver file: pdftex.def on input line 225.

(c:/Program Files/texlive2012/texmf-dist/tex/latex/pdftex-def/pdftex.def
File: pdftex.def 2011/05/27 v0.06d Graphics/color for pdfTeX

(c:/Program Files/texlive2012/texmf-dist/tex/generic/oberdiek/infwarerr.sty
Package: infwarerr 2010/04/08 v1.3 Providing info/warning/error messages (HO)
)
(c:/Program Files/texlive2012/texmf-dist/tex/generic/oberdiek/ltxcmds.sty
Package: ltxcmds 2011/11/09 v1.22 LaTeX kernel commands for general use (HO)
)
\Gread@gobject=\count132
)
Package xcolor Info: Model `cmy' substituted by `cmy0' on input line 1337.
Package xcolor Info: Model `hsb' substituted by `rgb' on input line 1341.
Package xcolor Info: Model `RGB' extended on input line 1353.
Package xcolor Info: Model `HTML' substituted by `rgb' on input line 1355.
Package xcolor Info: Model `Hsb' substituted by `hsb' on input line 1356.
Package xcolor Info: Model `tHsb' substituted by `hsb' on input line 1357.
Package xcolor Info: Model `HSB' substituted by `hsb' on input line 1358.
Package xcolor Info: Model `Gray' substituted by `gray' on input line 1359.
Package xcolor Info: Model `wave' substituted by `hsb' on input line 1360.
))
(c:/Program Files/texlive2012/texmf-dist/tex/latex/graphics/graphicx.sty
Package: graphicx 1999/02/16 v1.0f Enhanced LaTeX Graphics (DPC,SPQR)

(c:/Program Files/texlive2012/texmf-dist/tex/latex/graphics/graphics.sty
Package: graphics 2009/02/05 v1.0o Standard LaTeX Graphics (DPC,SPQR)

(c:/Program Files/texlive2012/texmf-dist/tex/latex/graphics/trig.sty
Package: trig 1999/03/16 v1.09 sin cos tan (DPC)
)
(c:/Program Files/texlive2012/texmf-dist/tex/latex/latexconfig/graphics.cfg
File: graphics.cfg 2010/04/23 v1.9 graphics configuration of TeX Live
)
Package graphics Info: Driver file: pdftex.def on input line 91.
)
\Gin@req@height=\dimen174
\Gin@req@width=\dimen175
)
(c:/Program Files/texlive2012/texmf-dist/tex/latex/cancel/cancel.sty
Package: cancel 2000/03/12 v2.1 Cancel math terms
)
(c:/Program Files/texlive2012/texmf-dist/tex/latex/srcltx/srcltx.sty
Package: srcltx 2006/11/12 v1.6 Source specials for inverse search in DVI files


(c:/Program Files/texlive2012/texmf-dist/tex/latex/base/ifthen.sty
Package: ifthen 2001/05/26 v1.1c Standard LaTeX ifthen package (DPC)
)
\src@lastline=\count133
\src@new@everypar=\toks38
\src@new@output=\toks39
)
(c:/Program Files/texlive2012/texmf-dist/tex/latex/tools/enumerate.sty
Package: enumerate 1999/03/05 v3.00 enumerate extensions (DPC)
\@enLab=\toks40
)
(c:/Program Files/texlive2012/texmf-dist/tex/latex/datenumber/datenumber.sty
Package: datenumber 2001/08/06v0.02

(c:/Program Files/texlive2012/texmf-dist/tex/latex/datenumber/datenumberUSengli
sh.ldf
File: datenumberUSenglish.ldf 
)
\c@@dayscnt=\count134
\c@@startyear=\count135
\c@datenumber=\count136
\c@dateyear=\count137
\c@datemonth=\count138
\c@dateday=\count139
\c@datedayname=\count140
\@nom=\count141
\@den=\count142
)
\c@thm=\count143
\c@Aufgabe=\count144
\c@ex=\count145
\c@sol=\count146
\c@Satz=\count147
 (./AG2.aux)
\openout1 = `AG2.aux'.

LaTeX Font Info:    Checking defaults for OML/cmm/m/it on input line 154.
LaTeX Font Info:    ... okay on input line 154.
LaTeX Font Info:    Checking defaults for T1/cmr/m/n on input line 154.
LaTeX Font Info:    ... okay on input line 154.
LaTeX Font Info:    Checking defaults for OT1/cmr/m/n on input line 154.
LaTeX Font Info:    ... okay on input line 154.
LaTeX Font Info:    Checking defaults for OMS/cmsy/m/n on input line 154.
LaTeX Font Info:    ... okay on input line 154.
LaTeX Font Info:    Checking defaults for OMX/cmex/m/n on input line 154.
LaTeX Font Info:    ... okay on input line 154.
LaTeX Font Info:    Checking defaults for U/cmr/m/n on input line 154.
LaTeX Font Info:    ... okay on input line 154.
LaTeX Font Info:    Try loading font information for U+msa on input line 154.

(c:/Program Files/texlive2012/texmf-dist/tex/latex/amsfonts/umsa.fd
File: umsa.fd 2009/06/22 v3.00 AMS symbols A
)
LaTeX Font Info:    Try loading font information for U+msb on input line 154.

(c:/Program Files/texlive2012/texmf-dist/tex/latex/amsfonts/umsb.fd
File: umsb.fd 2009/06/22 v3.00 AMS symbols B
)
Package xypdf Info: Line width: 0.47998pt on input line 154.

(c:/Program Files/texlive2012/texmf-dist/tex/context/base/supp-pdf.mkii
[Loading MPS to PDF converter (version 2006.09.02).]
\scratchcounter=\count148
\scratchdimen=\dimen176
\scratchbox=\box37
\nofMPsegments=\count149
\nofMParguments=\count150
\everyMPshowfont=\toks41
\MPscratchCnt=\count151
\MPscratchDim=\dimen177
\MPnumerator=\count152
\makeMPintoPDFobject=\count153
\everyMPtoPDFconversion=\toks42
) (c:/Program Files/texlive2012/texmf-dist/tex/generic/oberdiek/pdftexcmds.sty
Package: pdftexcmds 2011/11/29 v0.20 Utility functions of pdfTeX for LuaTeX (HO
)

(c:/Program Files/texlive2012/texmf-dist/tex/generic/oberdiek/ifluatex.sty
Package: ifluatex 2010/03/01 v1.3 Provides the ifluatex switch (HO)
Package ifluatex Info: LuaTeX not detected.
)
Package pdftexcmds Info: LuaTeX not detected.
Package pdftexcmds Info: \pdf@primitive is available.
Package pdftexcmds Info: \pdf@ifprimitive is available.
Package pdftexcmds Info: \pdfdraftmode found.
)
(c:/Program Files/texlive2012/texmf-dist/tex/latex/oberdiek/epstopdf-base.sty
Package: epstopdf-base 2010/02/09 v2.5 Base part for package epstopdf

(c:/Program Files/texlive2012/texmf-dist/tex/latex/oberdiek/grfext.sty
Package: grfext 2010/08/19 v1.1 Manage graphics extensions (HO)

(c:/Program Files/texlive2012/texmf-dist/tex/generic/oberdiek/kvdefinekeys.sty
Package: kvdefinekeys 2011/04/07 v1.3 Define keys (HO)
)) (c:/Program Files/texlive2012/texmf-dist/tex/latex/oberdiek/kvoptions.sty
Package: kvoptions 2011/06/30 v3.11 Key value format for package options (HO)

(c:/Program Files/texlive2012/texmf-dist/tex/generic/oberdiek/kvsetkeys.sty
Package: kvsetkeys 2012/04/25 v1.16 Key value parser (HO)

(c:/Program Files/texlive2012/texmf-dist/tex/generic/oberdiek/etexcmds.sty
Package: etexcmds 2011/02/16 v1.5 Avoid name clashes with e-TeX commands (HO)
Package etexcmds Info: Could not find \expanded.
(etexcmds)             That can mean that you are not using pdfTeX 1.50 or
(etexcmds)             that some package has redefined \expanded.
(etexcmds)             In the latter case, load this package earlier.
)))
Package grfext Info: Graphics extension search list:
(grfext)             [.png,.pdf,.jpg,.mps,.jpeg,.jbig2,.jb2,.PNG,.PDF,.JPG,.JPE
G,.JBIG2,.JB2,.eps]
(grfext)             \AppendGraphicsExtensions on input line 452.

(c:/Program Files/texlive2012/texmf-dist/tex/latex/latexconfig/epstopdf-sys.cfg
File: epstopdf-sys.cfg 2010/07/13 v1.3 Configuration of (r)epstopdf for TeX Liv
e
))
Overfull \hbox (1.40785pt too wide) in paragraph at lines 173--175
\OT1/cmr/m/n/12 mod-ulo the fol-low-ing equiv-a-lent re-la-tion: $[](\OMS/cmsy/
m/n/12 f\OML/cmm/m/it/12 U[] \OMS/cmsy/m/n/12 ! \OML/cmm/m/it/12 U\OMS/cmsy/m/n
/12 g[]\OML/cmm/m/it/12 ; \OMS/cmsy/m/n/12 f\OML/cmm/m/it/12 a[]\OMS/cmsy/m/n/1
2 g[]\OT1/cmr/m/n/12 )$
 []

<xymatrix 2x2 174> [1
Non-PDF special ignored!
Non-PDF special ignored!
Non-PDF special ignored!
Non-PDF special ignored!
Non-PDF special ignored!
Non-PDF special ignored!{c:/Program Files/texlive2012/texmf-var/fonts/map/pdfte
x/updmap/pdftex.map}]
Overfull \hbox (1.52817pt too wide) in paragraph at lines 191--192
[][]\OT1/cmr/m/n/12 Show that the cat-e-gory of fi-nite di-men-sional $\OML/cmm
/m/it/12 []$\OT1/cmr/m/n/12 -representations
 []

[2] (./AG2.aux) ) 
Here is how much of TeX's memory you used:
 8183 strings out of 493488
 103473 string characters out of 3139185
 239139 words of memory out of 3000000
 11168 multiletter control sequences out of 15000+200000
 12928 words of font info for 54 fonts, out of 3000000 for 9000
 1118 hyphenation exceptions out of 8191
 38i,13n,38p,3250b,491s stack positions out of 5000i,500n,10000p,200000b,50000s
<c:/Program Files/texlive2012/texmf-dist/fonts/type1/public/am
sfonts/cm/cmbx12.pfb><c:/Program Files/texlive2012/texmf-dist/fonts/type1/publi
c/amsfonts/cm/cmex10.pfb><c:/Program Files/texlive2012/texmf-dist/fonts/type1/p
ublic/amsfonts/cm/cmmi12.pfb><c:/Program Files/texlive2012/texmf-dist/fonts/typ
e1/public/amsfonts/cm/cmmi6.pfb><c:/Program Files/texlive2012/texmf-dist/fonts/
type1/public/amsfonts/cm/cmmi8.pfb><c:/Program Files/texlive2012/texmf-dist/fon
ts/type1/public/amsfonts/cm/cmr10.pfb><c:/Program Files/texlive2012/texmf-dist/
fonts/type1/public/amsfonts/cm/cmr12.pfb><c:/Program Files/texlive2012/texmf-di
st/fonts/type1/public/amsfonts/cm/cmr17.pfb><c:/Program Files/texlive2012/texmf
-dist/fonts/type1/public/amsfonts/cm/cmr8.pfb><c:/Program Files/texlive2012/tex
mf-dist/fonts/type1/public/amsfonts/cm/cmr9.pfb><c:/Program Files/texlive2012/t
exmf-dist/fonts/type1/public/amsfonts/cm/cmsy10.pfb><c:/Program Files/texlive20
12/texmf-dist/fonts/type1/public/amsfonts/cm/cmsy8.pfb><c:/Program Files/texliv
e2012/texmf-dist/fonts/type1/public/xypic/xyatip10.pfb><c:/Program Files/texliv
e2012/texmf-dist/fonts/type1/public/xypic/xybtip10.pfb>
Output written on AG2.pdf (2 pages, 133247 bytes).
PDF statistics:
 67 PDF objects out of 1000 (max. 8388607)
 48 compressed objects within 1 object stream
 0 named destinations out of 1000 (max. 500000)
 1 words of extra memory for PDF output out of 10000 (max. 10000000)

